<?xml version="1.0" encoding="UTF-8"?>
<!-- Generated by org.testng.reporters.JUnitReportReporter -->
<testsuite hostname="ADMIN-PC" failures="0" tests="1" name="com.crm.qa.testcases.LoginPageTest" time="25.139" errors="0" timestamp="2023-06-12T18:16:16 IST" skipped="0">
  <testcase classname="com.crm.qa.testcases.LoginPageTest" name="initialization" time="25.139"/>
  <system-out/>
</testsuite> <!-- com.crm.qa.testcases.LoginPageTest -->
