<?xml version="1.0" encoding="UTF-8"?>
<!-- Generated by org.testng.reporters.JUnitReportReporter -->
<testsuite hostname="ADMIN-PC" failures="0" tests="1" name="com.crm.qa.testcases.HomePageTest" time="44.460" errors="0" timestamp="2023-02-13T14:18:37 IST" skipped="0">
  <testcase classname="com.crm.qa.testcases.HomePageTest" name="verifyContactsLinkTest" time="44.460"/>
  <system-out/>
</testsuite> <!-- com.crm.qa.testcases.HomePageTest -->
